Enter the number of disks:Move Disk 1 from A to B
Move Disk 2 from A to C
Move Disk 1 from B to C
Move Disk 3 from A to B
Move Disk 1 from C to A
Move Disk 2 from C to B
Move Disk 1 from A to B
Move Disk 4 from A to C
Move Disk 1 from B to C
Move Disk 2 from B to A
Move Disk 1 from C to A
Move Disk 3 from B to C
Move Disk 1 from A to B
Move Disk 2 from A to C
Move Disk 1 from B to C
Move Disk 5 from A to B
Move Disk 1 from C to A
Move Disk 2 from C to B
Move Disk 1 from A to B
Move Disk 3 from C to A
Move Disk 1 from B to C
Move Disk 2 from B to A
Move Disk 1 from C to A
Move Disk 4 from C to B
Move Disk 1 from A to B
Move Disk 2 from A to C
Move Disk 1 from B to C
Move Disk 3 from A to B
Move Disk 1 from C to A
Move Disk 2 from C to B
Move Disk 1 from A to B
Move Disk 6 from A to C
Move Disk 1 from B to C
Move Disk 2 from B to A
Move Disk 1 from C to A
Move Disk 3 from B to C
Move Disk 1 from A to B
Move Disk 2 from A to C
Move Disk 1 from B to C
Move Disk 4 from B to A
Move Disk 1 from C to A
Move Disk 2 from C to B
Move Disk 1 from A to B
Move Disk 3 from C to A
Move Disk 1 from B to C
Move Disk 2 from B to A
Move Disk 1 from C to A
Move Disk 5 from B to C
Move Disk 1 from A to B
Move Disk 2 from A to C
Move Disk 1 from B to C
Move Disk 3 from A to B
Move Disk 1 from C to A
Move Disk 2 from C to B
Move Disk 1 from A to B
Move Disk 4 from A to C
Move Disk 1 from B to C
Move Disk 2 from B to A
Move Disk 1 from C to A
Move Disk 3 from B to C
Move Disk 1 from A to B
Move Disk 2 from A to C
Move Disk 1 from B to C
Move Disk 7 from A to B
Move Disk 1 from C to A
Move Disk 2 from C to B
Move Disk 1 from A to B
Move Disk 3 from C to A
Move Disk 1 from B to C
Move Disk 2 from B to A
Move Disk 1 from C to A
Move Disk 4 from C to B
Move Disk 1 from A to B
Move Disk 2 from A to C
Move Disk 1 from B to C
Move Disk 3 from A to B
Move Disk 1 from C to A
Move Disk 2 from C to B
Move Disk 1 from A to B
Move Disk 5 from C to A
Move Disk 1 from B to C
Move Disk 2 from B to A
Move Disk 1 from C to A
Move Disk 3 from B to C
Move Disk 1 from A to B
Move Disk 2 from A to C
Move Disk 1 from B to C
Move Disk 4 from B to A
Move Disk 1 from C to A
Move Disk 2 from C to B
Move Disk 1 from A to B
Move Disk 3 from C to A
Move Disk 1 from B to C
Move Disk 2 from B to A
Move Disk 1 from C to A
Move Disk 6 from C to B
Move Disk 1 from A to B
Move Disk 2 from A to C
Move Disk 1 from B to C
Move Disk 3 from A to B
Move Disk 1 from C to A
Move Disk 2 from C to B
Move Disk 1 from A to B
Move Disk 4 from A to C
Move Disk 1 from B to C
Move Disk 2 from B to A
Move Disk 1 from C to A
Move Disk 3 from B to C
Move Disk 1 from A to B
Move Disk 2 from A to C
Move Disk 1 from B to C
Move Disk 5 from A to B
Move Disk 1 from C to A
Move Disk 2 from C to B
Move Disk 1 from A to B
Move Disk 3 from C to A
Move Disk 1 from B to C
Move Disk 2 from B to A
Move Disk 1 from C to A
Move Disk 4 from C to B
Move Disk 1 from A to B
Move Disk 2 from A to C
Move Disk 1 from B to C
Move Disk 3 from A to B
Move Disk 1 from C to A
Move Disk 2 from C to B
Move Disk 1 from A to B
Move Disk 8 from A to C
Move Disk 1 from B to C
Move Disk 2 from B to A
Move Disk 1 from C to A
Move Disk 3 from B to C
Move Disk 1 from A to B
Move Disk 2 from A to C
Move Disk 1 from B to C
Move Disk 4 from B to A
Move Disk 1 from C to A
Move Disk 2 from C to B
Move Disk 1 from A to B
Move Disk 3 from C to A
Move Disk 1 from B to C
Move Disk 2 from B to A
Move Disk 1 from C to A
Move Disk 5 from B to C
Move Disk 1 from A to B
Move Disk 2 from A to C
Move Disk 1 from B to C
Move Disk 3 from A to B
Move Disk 1 from C to A
Move Disk 2 from C to B
Move Disk 1 from A to B
Move Disk 4 from A to C
Move Disk 1 from B to C
Move Disk 2 from B to A
Move Disk 1 from C to A
Move Disk 3 from B to C
Move Disk 1 from A to B
Move Disk 2 from A to C
Move Disk 1 from B to C
Move Disk 6 from B to A
Move Disk 1 from C to A
Move Disk 2 from C to B
Move Disk 1 from A to B
Move Disk 3 from C to A
Move Disk 1 from B to C
Move Disk 2 from B to A
Move Disk 1 from C to A
Move Disk 4 from C to B
Move Disk 1 from A to B
Move Disk 2 from A to C
Move Disk 1 from B to C
Move Disk 3 from A to B
Move Disk 1 from C to A
Move Disk 2 from C to B
Move Disk 1 from A to B
Move Disk 5 from C to A
Move Disk 1 from B to C
Move Disk 2 from B to A
Move Disk 1 from C to A
Move Disk 3 from B to C
Move Disk 1 from A to B
Move Disk 2 from A to C
Move Disk 1 from B to C
Move Disk 4 from B to A
Move Disk 1 from C to A
Move Disk 2 from C to B
Move Disk 1 from A to B
Move Disk 3 from C to A
Move Disk 1 from B to C
Move Disk 2 from B to A
Move Disk 1 from C to A
Move Disk 7 from B to C
Move Disk 1 from A to B
Move Disk 2 from A to C
Move Disk 1 from B to C
Move Disk 3 from A to B
Move Disk 1 from C to A
Move Disk 2 from C to B
Move Disk 1 from A to B
Move Disk 4 from A to C
Move Disk 1 from B to C
Move Disk 2 from B to A
Move Disk 1 from C to A
Move Disk 3 from B to C
Move Disk 1 from A to B
Move Disk 2 from A to C
Move Disk 1 from B to C
Move Disk 5 from A to B
Move Disk 1 from C to A
Move Disk 2 from C to B
Move Disk 1 from A to B
Move Disk 3 from C to A
Move Disk 1 from B to C
Move Disk 2 from B to A
Move Disk 1 from C to A
Move Disk 4 from C to B
Move Disk 1 from A to B
Move Disk 2 from A to C
Move Disk 1 from B to C
Move Disk 3 from A to B
Move Disk 1 from C to A
Move Disk 2 from C to B
Move Disk 1 from A to B
Move Disk 6 from A to C
Move Disk 1 from B to C
Move Disk 2 from B to A
Move Disk 1 from C to A
Move Disk 3 from B to C
Move Disk 1 from A to B
Move Disk 2 from A to C
Move Disk 1 from B to C
Move Disk 4 from B to A
Move Disk 1 from C to A
Move Disk 2 from C to B
Move Disk 1 from A to B
Move Disk 3 from C to A
Move Disk 1 from B to C
Move Disk 2 from B to A
Move Disk 1 from C to A
Move Disk 5 from B to C
Move Disk 1 from A to B
Move Disk 2 from A to C
Move Disk 1 from B to C
Move Disk 3 from A to B
Move Disk 1 from C to A
Move Disk 2 from C to B
Move Disk 1 from A to B
Move Disk 4 from A to C
Move Disk 1 from B to C
Move Disk 2 from B to A
Move Disk 1 from C to A
Move Disk 3 from B to C
Move Disk 1 from A to B
Move Disk 2 from A to C
Move Disk 1 from B to C
Move Disk 9 from A to B
Move Disk 1 from C to A
Move Disk 2 from C to B
Move Disk 1 from A to B
Move Disk 3 from C to A
Move Disk 1 from B to C
Move Disk 2 from B to A
Move Disk 1 from C to A
Move Disk 4 from C to B
Move Disk 1 from A to B
Move Disk 2 from A to C
Move Disk 1 from B to C
Move Disk 3 from A to B
Move Disk 1 from C to A
Move Disk 2 from C to B
Move Disk 1 from A to B
Move Disk 5 from C to A
Move Disk 1 from B to C
Move Disk 2 from B to A
Move Disk 1 from C to A
Move Disk 3 from B to C
Move Disk 1 from A to B
Move Disk 2 from A to C
Move Disk 1 from B to C
Move Disk 4 from B to A
Move Disk 1 from C to A
Move Disk 2 from C to B
Move Disk 1 from A to B
Move Disk 3 from C to A
Move Disk 1 from B to C
Move Disk 2 from B to A
Move Disk 1 from C to A
Move Disk 6 from C to B
Move Disk 1 from A to B
Move Disk 2 from A to C
Move Disk 1 from B to C
Move Disk 3 from A to B
Move Disk 1 from C to A
Move Disk 2 from C to B
Move Disk 1 from A to B
Move Disk 4 from A to C
Move Disk 1 from B to C
Move Disk 2 from B to A
Move Disk 1 from C to A
Move Disk 3 from B to C
Move Disk 1 from A to B
Move Disk 2 from A to C
Move Disk 1 from B to C
Move Disk 5 from A to B
Move Disk 1 from C to A
Move Disk 2 from C to B
Move Disk 1 from A to B
Move Disk 3 from C to A
Move Disk 1 from B to C
Move Disk 2 from B to A
Move Disk 1 from C to A
Move Disk 4 from C to B
Move Disk 1 from A to B
Move Disk 2 from A to C
Move Disk 1 from B to C
Move Disk 3 from A to B
Move Disk 1 from C to A
Move Disk 2 from C to B
Move Disk 1 from A to B
Move Disk 7 from C to A
Move Disk 1 from B to C
Move Disk 2 from B to A
Move Disk 1 from C to A
Move Disk 3 from B to C
Move Disk 1 from A to B
Move Disk 2 from A to C
Move Disk 1 from B to C
Move Disk 4 from B to A
Move Disk 1 from C to A
Move Disk 2 from C to B
Move Disk 1 from A to B
Move Disk 3 from C to A
Move Disk 1 from B to C
Move Disk 2 from B to A
Move Disk 1 from C to A
Move Disk 5 from B to C
Move Disk 1 from A to B
Move Disk 2 from A to C
Move Disk 1 from B to C
Move Disk 3 from A to B
Move Disk 1 from C to A
Move Disk 2 from C to B
Move Disk 1 from A to B
Move Disk 4 from A to C
Move Disk 1 from B to C
Move Disk 2 from B to A
Move Disk 1 from C to A
Move Disk 3 from B to C
Move Disk 1 from A to B
Move Disk 2 from A to C
Move Disk 1 from B to C
Move Disk 6 from B to A
Move Disk 1 from C to A
Move Disk 2 from C to B
Move Disk 1 from A to B
Move Disk 3 from C to A
Move Disk 1 from B to C
Move Disk 2 from B to A
Move Disk 1 from C to A
Move Disk 4 from C to B
Move Disk 1 from A to B
Move Disk 2 from A to C
Move Disk 1 from B to C
Move Disk 3 from A to B
Move Disk 1 from C to A
Move Disk 2 from C to B
Move Disk 1 from A to B
Move Disk 5 from C to A
Move Disk 1 from B to C
Move Disk 2 from B to A
Move Disk 1 from C to A
Move Disk 3 from B to C
Move Disk 1 from A to B
Move Disk 2 from A to C
Move Disk 1 from B to C
Move Disk 4 from B to A
Move Disk 1 from C to A
Move Disk 2 from C to B
Move Disk 1 from A to B
Move Disk 3 from C to A
Move Disk 1 from B to C
Move Disk 2 from B to A
Move Disk 1 from C to A
Move Disk 8 from C to B
Move Disk 1 from A to B
Move Disk 2 from A to C
Move Disk 1 from B to C
Move Disk 3 from A to B
Move Disk 1 from C to A
Move Disk 2 from C to B
Move Disk 1 from A to B
Move Disk 4 from A to C
Move Disk 1 from B to C
Move Disk 2 from B to A
Move Disk 1 from C to A
Move Disk 3 from B to C
Move Disk 1 from A to B
Move Disk 2 from A to C
Move Disk 1 from B to C
Move Disk 5 from A to B
Move Disk 1 from C to A
Move Disk 2 from C to B
Move Disk 1 from A to B
Move Disk 3 from C to A
Move Disk 1 from B to C
Move Disk 2 from B to A
Move Disk 1 from C to A
Move Disk 4 from C to B
Move Disk 1 from A to B
Move Disk 2 from A to C
Move Disk 1 from B to C
Move Disk 3 from A to B
Move Disk 1 from C to A
Move Disk 2 from C to B
Move Disk 1 from A to B
Move Disk 6 from A to C
Move Disk 1 from B to C
Move Disk 2 from B to A
Move Disk 1 from C to A
Move Disk 3 from B to C
Move Disk 1 from A to B
Move Disk 2 from A to C
Move Disk 1 from B to C
Move Disk 4 from B to A
Move Disk 1 from C to A
Move Disk 2 from C to B
Move Disk 1 from A to B
Move Disk 3 from C to A
Move Disk 1 from B to C
Move Disk 2 from B to A
Move Disk 1 from C to A
Move Disk 5 from B to C
Move Disk 1 from A to B
Move Disk 2 from A to C
Move Disk 1 from B to C
Move Disk 3 from A to B
Move Disk 1 from C to A
Move Disk 2 from C to B
Move Disk 1 from A to B
Move Disk 4 from A to C
Move Disk 1 from B to C
Move Disk 2 from B to A
Move Disk 1 from C to A
Move Disk 3 from B to C
Move Disk 1 from A to B
Move Disk 2 from A to C
Move Disk 1 from B to C
Move Disk 7 from A to B
Move Disk 1 from C to A
Move Disk 2 from C to B
Move Disk 1 from A to B
Move Disk 3 from C to A
Move Disk 1 from B to C
Move Disk 2 from B to A
Move Disk 1 from C to A
Move Disk 4 from C to B
Move Disk 1 from A to B
Move Disk 2 from A to C
Move Disk 1 from B to C
Move Disk 3 from A to B
Move Disk 1 from C to A
Move Disk 2 from C to B
Move Disk 1 from A to B
Move Disk 5 from C to A
Move Disk 1 from B to C
Move Disk 2 from B to A
Move Disk 1 from C to A
Move Disk 3 from B to C
Move Disk 1 from A to B
Move Disk 2 from A to C
Move Disk 1 from B to C
Move Disk 4 from B to A
Move Disk 1 from C to A
Move Disk 2 from C to B
Move Disk 1 from A to B
Move Disk 3 from C to A
Move Disk 1 from B to C
Move Disk 2 from B to A
Move Disk 1 from C to A
Move Disk 6 from C to B
Move Disk 1 from A to B
Move Disk 2 from A to C
Move Disk 1 from B to C
Move Disk 3 from A to B
Move Disk 1 from C to A
Move Disk 2 from C to B
Move Disk 1 from A to B
Move Disk 4 from A to C
Move Disk 1 from B to C
Move Disk 2 from B to A
Move Disk 1 from C to A
Move Disk 3 from B to C
Move Disk 1 from A to B
Move Disk 2 from A to C
Move Disk 1 from B to C
Move Disk 5 from A to B
Move Disk 1 from C to A
Move Disk 2 from C to B
Move Disk 1 from A to B
Move Disk 3 from C to A
Move Disk 1 from B to C
Move Disk 2 from B to A
Move Disk 1 from C to A
Move Disk 4 from C to B
Move Disk 1 from A to B
Move Disk 2 from A to C
Move Disk 1 from B to C
Move Disk 3 from A to B
Move Disk 1 from C to A
Move Disk 2 from C to B
Move Disk 1 from A to B
Move Disk 10 from A to C
Move Disk 1 from B to C
Move Disk 2 from B to A
Move Disk 1 from C to A
Move Disk 3 from B to C
Move Disk 1 from A to B
Move Disk 2 from A to C
Move Disk 1 from B to C
Move Disk 4 from B to A
Move Disk 1 from C to A
Move Disk 2 from C to B
Move Disk 1 from A to B
Move Disk 3 from C to A
Move Disk 1 from B to C
Move Disk 2 from B to A
Move Disk 1 from C to A
Move Disk 5 from B to C
Move Disk 1 from A to B
Move Disk 2 from A to C
Move Disk 1 from B to C
Move Disk 3 from A to B
Move Disk 1 from C to A
Move Disk 2 from C to B
Move Disk 1 from A to B
Move Disk 4 from A to C
Move Disk 1 from B to C
Move Disk 2 from B to A
Move Disk 1 from C to A
Move Disk 3 from B to C
Move Disk 1 from A to B
Move Disk 2 from A to C
Move Disk 1 from B to C
Move Disk 6 from B to A
Move Disk 1 from C to A
Move Disk 2 from C to B
Move Disk 1 from A to B
Move Disk 3 from C to A
Move Disk 1 from B to C
Move Disk 2 from B to A
Move Disk 1 from C to A
Move Disk 4 from C to B
Move Disk 1 from A to B
Move Disk 2 from A to C
Move Disk 1 from B to C
Move Disk 3 from A to B
Move Disk 1 from C to A
Move Disk 2 from C to B
Move Disk 1 from A to B
Move Disk 5 from C to A
Move Disk 1 from B to C
Move Disk 2 from B to A
Move Disk 1 from C to A
Move Disk 3 from B to C
Move Disk 1 from A to B
Move Disk 2 from A to C
Move Disk 1 from B to C
Move Disk 4 from B to A
Move Disk 1 from C to A
Move Disk 2 from C to B
Move Disk 1 from A to B
Move Disk 3 from C to A
Move Disk 1 from B to C
Move Disk 2 from B to A
Move Disk 1 from C to A
Move Disk 7 from B to C
Move Disk 1 from A to B
Move Disk 2 from A to C
Move Disk 1 from B to C
Move Disk 3 from A to B
Move Disk 1 from C to A
Move Disk 2 from C to B
Move Disk 1 from A to B
Move Disk 4 from A to C
Move Disk 1 from B to C
Move Disk 2 from B to A
Move Disk 1 from C to A
Move Disk 3 from B to C
Move Disk 1 from A to B
Move Disk 2 from A to C
Move Disk 1 from B to C
Move Disk 5 from A to B
Move Disk 1 from C to A
Move Disk 2 from C to B
Move Disk 1 from A to B
Move Disk 3 from C to A
Move Disk 1 from B to C
Move Disk 2 from B to A
Move Disk 1 from C to A
Move Disk 4 from C to B
Move Disk 1 from A to B
Move Disk 2 from A to C
Move Disk 1 from B to C
Move Disk 3 from A to B
Move Disk 1 from C to A
Move Disk 2 from C to B
Move Disk 1 from A to B
Move Disk 6 from A to C
Move Disk 1 from B to C
Move Disk 2 from B to A
Move Disk 1 from C to A
Move Disk 3 from B to C
Move Disk 1 from A to B
Move Disk 2 from A to C
Move Disk 1 from B to C
Move Disk 4 from B to A
Move Disk 1 from C to A
Move Disk 2 from C to B
Move Disk 1 from A to B
Move Disk 3 from C to A
Move Disk 1 from B to C
Move Disk 2 from B to A
Move Disk 1 from C to A
Move Disk 5 from B to C
Move Disk 1 from A to B
Move Disk 2 from A to C
Move Disk 1 from B to C
Move Disk 3 from A to B
Move Disk 1 from C to A
Move Disk 2 from C to B
Move Disk 1 from A to B
Move Disk 4 from A to C
Move Disk 1 from B to C
Move Disk 2 from B to A
Move Disk 1 from C to A
Move Disk 3 from B to C
Move Disk 1 from A to B
Move Disk 2 from A to C
Move Disk 1 from B to C
Move Disk 8 from B to A
Move Disk 1 from C to A
Move Disk 2 from C to B
Move Disk 1 from A to B
Move Disk 3 from C to A
Move Disk 1 from B to C
Move Disk 2 from B to A
Move Disk 1 from C to A
Move Disk 4 from C to B
Move Disk 1 from A to B
Move Disk 2 from A to C
Move Disk 1 from B to C
Move Disk 3 from A to B
Move Disk 1 from C to A
Move Disk 2 from C to B
Move Disk 1 from A to B
Move Disk 5 from C to A
Move Disk 1 from B to C
Move Disk 2 from B to A
Move Disk 1 from C to A
Move Disk 3 from B to C
Move Disk 1 from A to B
Move Disk 2 from A to C
Move Disk 1 from B to C
Move Disk 4 from B to A
Move Disk 1 from C to A
Move Disk 2 from C to B
Move Disk 1 from A to B
Move Disk 3 from C to A
Move Disk 1 from B to C
Move Disk 2 from B to A
Move Disk 1 from C to A
Move Disk 6 from C to B
Move Disk 1 from A to B
Move Disk 2 from A to C
Move Disk 1 from B to C
Move Disk 3 from A to B
Move Disk 1 from C to A
Move Disk 2 from C to B
Move Disk 1 from A to B
Move Disk 4 from A to C
Move Disk 1 from B to C
Move Disk 2 from B to A
Move Disk 1 from C to A
Move Disk 3 from B to C
Move Disk 1 from A to B
Move Disk 2 from A to C
Move Disk 1 from B to C
Move Disk 5 from A to B
Move Disk 1 from C to A
Move Disk 2 from C to B
Move Disk 1 from A to B
Move Disk 3 from C to A
Move Disk 1 from B to C
Move Disk 2 from B to A
Move Disk 1 from C to A
Move Disk 4 from C to B
Move Disk 1 from A to B
Move Disk 2 from A to C
Move Disk 1 from B to C
Move Disk 3 from A to B
Move Disk 1 from C to A
Move Disk 2 from C to B
Move Disk 1 from A to B
Move Disk 7 from C to A
Move Disk 1 from B to C
Move Disk 2 from B to A
Move Disk 1 from C to A
Move Disk 3 from B to C
Move Disk 1 from A to B
Move Disk 2 from A to C
Move Disk 1 from B to C
Move Disk 4 from B to A
Move Disk 1 from C to A
Move Disk 2 from C to B
Move Disk 1 from A to B
Move Disk 3 from C to A
Move Disk 1 from B to C
Move Disk 2 from B to A
Move Disk 1 from C to A
Move Disk 5 from B to C
Move Disk 1 from A to B
Move Disk 2 from A to C
Move Disk 1 from B to C
Move Disk 3 from A to B
Move Disk 1 from C to A
Move Disk 2 from C to B
Move Disk 1 from A to B
Move Disk 4 from A to C
Move Disk 1 from B to C
Move Disk 2 from B to A
Move Disk 1 from C to A
Move Disk 3 from B to C
Move Disk 1 from A to B
Move Disk 2 from A to C
Move Disk 1 from B to C
Move Disk 6 from B to A
Move Disk 1 from C to A
Move Disk 2 from C to B
Move Disk 1 from A to B
Move Disk 3 from C to A
Move Disk 1 from B to C
Move Disk 2 from B to A
Move Disk 1 from C to A
Move Disk 4 from C to B
Move Disk 1 from A to B
Move Disk 2 from A to C
Move Disk 1 from B to C
Move Disk 3 from A to B
Move Disk 1 from C to A
Move Disk 2 from C to B
Move Disk 1 from A to B
Move Disk 5 from C to A
Move Disk 1 from B to C
Move Disk 2 from B to A
Move Disk 1 from C to A
Move Disk 3 from B to C
Move Disk 1 from A to B
Move Disk 2 from A to C
Move Disk 1 from B to C
Move Disk 4 from B to A
Move Disk 1 from C to A
Move Disk 2 from C to B
Move Disk 1 from A to B
Move Disk 3 from C to A
Move Disk 1 from B to C
Move Disk 2 from B to A
Move Disk 1 from C to A
Move Disk 9 from B to C
Move Disk 1 from A to B
Move Disk 2 from A to C
Move Disk 1 from B to C
Move Disk 3 from A to B
Move Disk 1 from C to A
Move Disk 2 from C to B
Move Disk 1 from A to B
Move Disk 4 from A to C
Move Disk 1 from B to C
Move Disk 2 from B to A
Move Disk 1 from C to A
Move Disk 3 from B to C
Move Disk 1 from A to B
Move Disk 2 from A to C
Move Disk 1 from B to C
Move Disk 5 from A to B
Move Disk 1 from C to A
Move Disk 2 from C to B
Move Disk 1 from A to B
Move Disk 3 from C to A
Move Disk 1 from B to C
Move Disk 2 from B to A
Move Disk 1 from C to A
Move Disk 4 from C to B
Move Disk 1 from A to B
Move Disk 2 from A to C
Move Disk 1 from B to C
Move Disk 3 from A to B
Move Disk 1 from C to A
Move Disk 2 from C to B
Move Disk 1 from A to B
Move Disk 6 from A to C
Move Disk 1 from B to C
Move Disk 2 from B to A
Move Disk 1 from C to A
Move Disk 3 from B to C
Move Disk 1 from A to B
Move Disk 2 from A to C
Move Disk 1 from B to C
Move Disk 4 from B to A
Move Disk 1 from C to A
Move Disk 2 from C to B
Move Disk 1 from A to B
Move Disk 3 from C to A
Move Disk 1 from B to C
Move Disk 2 from B to A
Move Disk 1 from C to A
Move Disk 5 from B to C
Move Disk 1 from A to B
Move Disk 2 from A to C
Move Disk 1 from B to C
Move Disk 3 from A to B
Move Disk 1 from C to A
Move Disk 2 from C to B
Move Disk 1 from A to B
Move Disk 4 from A to C
Move Disk 1 from B to C
Move Disk 2 from B to A
Move Disk 1 from C to A
Move Disk 3 from B to C
Move Disk 1 from A to B
Move Disk 2 from A to C
Move Disk 1 from B to C
Move Disk 7 from A to B
Move Disk 1 from C to A
Move Disk 2 from C to B
Move Disk 1 from A to B
Move Disk 3 from C to A
Move Disk 1 from B to C
Move Disk 2 from B to A
Move Disk 1 from C to A
Move Disk 4 from C to B
Move Disk 1 from A to B
Move Disk 2 from A to C
Move Disk 1 from B to C
Move Disk 3 from A to B
Move Disk 1 from C to A
Move Disk 2 from C to B
Move Disk 1 from A to B
Move Disk 5 from C to A
Move Disk 1 from B to C
Move Disk 2 from B to A
Move Disk 1 from C to A
Move Disk 3 from B to C
Move Disk 1 from A to B
Move Disk 2 from A to C
Move Disk 1 from B to C
Move Disk 4 from B to A
Move Disk 1 from C to A
Move Disk 2 from C to B
Move Disk 1 from A to B
Move Disk 3 from C to A
Move Disk 1 from B to C
Move Disk 2 from B to A
Move Disk 1 from C to A
Move Disk 6 from C to B
Move Disk 1 from A to B
Move Disk 2 from A to C
Move Disk 1 from B to C
Move Disk 3 from A to B
Move Disk 1 from C to A
Move Disk 2 from C to B
Move Disk 1 from A to B
Move Disk 4 from A to C
Move Disk 1 from B to C
Move Disk 2 from B to A
Move Disk 1 from C to A
Move Disk 3 from B to C
Move Disk 1 from A to B
Move Disk 2 from A to C
Move Disk 1 from B to C
Move Disk 5 from A to B
Move Disk 1 from C to A
Move Disk 2 from C to B
Move Disk 1 from A to B
Move Disk 3 from C to A
Move Disk 1 from B to C
Move Disk 2 from B to A
Move Disk 1 from C to A
Move Disk 4 from C to B
Move Disk 1 from A to B
Move Disk 2 from A to C
Move Disk 1 from B to C
Move Disk 3 from A to B
Move Disk 1 from C to A
Move Disk 2 from C to B
Move Disk 1 from A to B
Move Disk 8 from A to C
Move Disk 1 from B to C
Move Disk 2 from B to A
Move Disk 1 from C to A
Move Disk 3 from B to C
Move Disk 1 from A to B
Move Disk 2 from A to C
Move Disk 1 from B to C
Move Disk 4 from B to A
Move Disk 1 from C to A
Move Disk 2 from C to B
Move Disk 1 from A to B
Move Disk 3 from C to A
Move Disk 1 from B to C
Move Disk 2 from B to A
Move Disk 1 from C to A
Move Disk 5 from B to C
Move Disk 1 from A to B
Move Disk 2 from A to C
Move Disk 1 from B to C
Move Disk 3 from A to B
Move Disk 1 from C to A
Move Disk 2 from C to B
Move Disk 1 from A to B
Move Disk 4 from A to C
Move Disk 1 from B to C
Move Disk 2 from B to A
Move Disk 1 from C to A
Move Disk 3 from B to C
Move Disk 1 from A to B
Move Disk 2 from A to C
Move Disk 1 from B to C
Move Disk 6 from B to A
Move Disk 1 from C to A
Move Disk 2 from C to B
Move Disk 1 from A to B
Move Disk 3 from C to A
Move Disk 1 from B to C
Move Disk 2 from B to A
Move Disk 1 from C to A
Move Disk 4 from C to B
Move Disk 1 from A to B
Move Disk 2 from A to C
Move Disk 1 from B to C
Move Disk 3 from A to B
Move Disk 1 from C to A
Move Disk 2 from C to B
Move Disk 1 from A to B
Move Disk 5 from C to A
Move Disk 1 from B to C
Move Disk 2 from B to A
Move Disk 1 from C to A
Move Disk 3 from B to C
Move Disk 1 from A to B
Move Disk 2 from A to C
Move Disk 1 from B to C
Move Disk 4 from B to A
Move Disk 1 from C to A
Move Disk 2 from C to B
Move Disk 1 from A to B
Move Disk 3 from C to A
Move Disk 1 from B to C
Move Disk 2 from B to A
Move Disk 1 from C to A
Move Disk 7 from B to C
Move Disk 1 from A to B
Move Disk 2 from A to C
Move Disk 1 from B to C
Move Disk 3 from A to B
Move Disk 1 from C to A
Move Disk 2 from C to B
Move Disk 1 from A to B
Move Disk 4 from A to C
Move Disk 1 from B to C
Move Disk 2 from B to A
Move Disk 1 from C to A
Move Disk 3 from B to C
Move Disk 1 from A to B
Move Disk 2 from A to C
Move Disk 1 from B to C
Move Disk 5 from A to B
Move Disk 1 from C to A
Move Disk 2 from C to B
Move Disk 1 from A to B
Move Disk 3 from C to A
Move Disk 1 from B to C
Move Disk 2 from B to A
Move Disk 1 from C to A
Move Disk 4 from C to B
Move Disk 1 from A to B
Move Disk 2 from A to C
Move Disk 1 from B to C
Move Disk 3 from A to B
Move Disk 1 from C to A
Move Disk 2 from C to B
Move Disk 1 from A to B
Move Disk 6 from A to C
Move Disk 1 from B to C
Move Disk 2 from B to A
Move Disk 1 from C to A
Move Disk 3 from B to C
Move Disk 1 from A to B
Move Disk 2 from A to C
Move Disk 1 from B to C
Move Disk 4 from B to A
Move Disk 1 from C to A
Move Disk 2 from C to B
Move Disk 1 from A to B
Move Disk 3 from C to A
Move Disk 1 from B to C
Move Disk 2 from B to A
Move Disk 1 from C to A
Move Disk 5 from B to C
Move Disk 1 from A to B
Move Disk 2 from A to C
Move Disk 1 from B to C
Move Disk 3 from A to B
Move Disk 1 from C to A
Move Disk 2 from C to B
Move Disk 1 from A to B
Move Disk 4 from A to C
Move Disk 1 from B to C
Move Disk 2 from B to A
Move Disk 1 from C to A
Move Disk 3 from B to C
Move Disk 1 from A to B
Move Disk 2 from A to C
Move Disk 1 from B to C
The elapsed time is 0 seconds for moving 10 disks 
